<?xml version="1.0" encoding="UTF-8"?>
<!-- Generated by org.testng.reporters.JUnitReportReporter -->
<testsuite hostname="Arshan" failures="0" tests="2" name="testScripts.accountRegistration" time="0.002" errors="0" timestamp="13 Oct 2022 01:35:15 GMT">
  <testcase classname="testScripts.accountRegistration" name="testOne" time="0.001"/>
  <testcase classname="testScripts.accountRegistration" name="testTwo" time="0.001"/>
</testsuite> <!-- testScripts.accountRegistration -->
