<?xml version="1.0" encoding="UTF-8"?>
<!-- Generated by org.testng.reporters.JUnitReportReporter -->
<testsuite ignored="0" hostname="Arshan" failures="0" tests="1" name="com.SentaraPatientHold.automatedTest.AppTest" time="0.003" errors="0" timestamp="18 Oct 2022 04:32:04 GMT" skipped="0">
  <testcase classname="com.SentaraPatientHold.automatedTest.AppTest" name="shouldAnswerWithTrue" time="0.003"/>
</testsuite> <!-- com.SentaraPatientHold.automatedTest.AppTest -->
